<?xml version="1.0" encoding="UTF-8"?>
<testng-results skipped="0" failed="0" total="1" passed="1">
  <reporter-output>
  </reporter-output>
  <suite name="Suite" duration-ms="42440" started-at="2017-07-07T23:45:41Z" finished-at="2017-07-07T23:46:23Z">
    <groups>
    </groups>
    <test name="Test" duration-ms="42440" started-at="2017-07-07T23:45:41Z" finished-at="2017-07-07T23:46:23Z">
      <class name="example.NewTest">
        <test-method status="PASS" signature="so()[pri:0, instance:example.NewTest@28feb3fa]" name="so" duration-ms="42427" started-at="2017-07-07T19:45:41Z" finished-at="2017-07-07T19:46:23Z">
          <reporter-output>
          </reporter-output>
        </test-method> <!-- so -->
      </class> <!-- example.NewTest -->
    </test> <!-- Test -->
  </suite> <!-- Suite -->
</testng-results>
