<?xml version="1.0" encoding="UTF-8"?>
<testng-results skipped="0" failed="0" total="1" passed="1">
  <reporter-output>
  </reporter-output>
  <suite name="example.NewTest" duration-ms="9353" started-at="2017-07-10T13:27:06Z" finished-at="2017-07-10T13:27:16Z">
    <groups>
    </groups>
    <test name="Command line test" duration-ms="9353" started-at="2017-07-10T13:27:06Z" finished-at="2017-07-10T13:27:16Z">
      <class name="example.NewTest">
        <test-method status="PASS" signature="so()[pri:0, instance:example.NewTest@79b4d0f]" name="so" duration-ms="9343" started-at="2017-07-10T09:27:06Z" finished-at="2017-07-10T09:27:16Z">
          <reporter-output>
          </reporter-output>
        </test-method> <!-- so -->
      </class> <!-- example.NewTest -->
    </test> <!-- Command line test -->
  </suite> <!-- example.NewTest -->
</testng-results>
